Unity Editor version:    2021.3.9f1 (ad3870b89536)
Branch:                  2021.3/staging
Build type:              Release
Batch mode:              YES
macOS version:           Version 12.6.8 (Build 21G725)
Darwin version:          21.6.0
Architecture:            arm64
Running under Rosetta:   NO
Available memory:        16384 MB
Using pre-set license
Pro License: YES

COMMAND LINE ARGUMENTS:
/Applications/Unity/Hub/Editor/2021.3.9f1/Unity.app/Contents/MacOS/Unity
-adb2
-batchMode
-noUpm
-name
AssetImportWorker6
-projectPath
/Users/luisangel/Unity/Prototipo1/Prototipo1
-logFile
Logs/AssetImportWorker6.log
-srvPort
64336
Successfully changed project path to: /Users/luisangel/Unity/Prototipo1/Prototipo1
/Users/luisangel/Unity/Prototipo1/Prototipo1
[UnityMemory] Configuration Parameters - Can be set up in boot.config
    "memorysetup-bucket-allocator-granularity=16"
    "memorysetup-bucket-allocator-bucket-count=8"
    "memorysetup-bucket-allocator-block-size=33554432"
    "memorysetup-bucket-allocator-block-count=8"
    "memorysetup-main-allocator-block-size=16777216"
    "memorysetup-thread-allocator-block-size=16777216"
    "memorysetup-gfx-main-allocator-block-size=16777216"
    "memorysetup-gfx-thread-allocator-block-size=16777216"
    "memorysetup-cache-allocator-block-size=4194304"
    "memorysetup-typetree-allocator-block-size=2097152"
    "memorysetup-profiler-bucket-allocator-granularity=16"
    "memorysetup-profiler-bucket-allocator-bucket-count=8"
    "memorysetup-profiler-bucket-allocator-block-size=33554432"
    "memorysetup-profiler-bucket-allocator-block-count=8"
    "memorysetup-profiler-allocator-block-size=16777216"
    "memorysetup-profiler-editor-allocator-block-size=1048576"
    "memorysetup-temp-allocator-size-main=16777216"
    "memorysetup-job-temp-allocator-block-size=2097152"
    "memorysetup-job-temp-allocator-block-size-background=1048576"
    "memorysetup-job-temp-allocator-reduction-small-platforms=262144"
    "memorysetup-temp-allocator-size-background-worker=32768"
    "memorysetup-temp-allocator-size-job-worker=262144"
    "memorysetup-temp-allocator-size-preload-manager=33554432"
    "memorysetup-temp-allocator-size-nav-mesh-worker=65536"
    "memorysetup-temp-allocator-size-audio-worker=65536"
    "memorysetup-temp-allocator-size-cloud-worker=32768"
    "memorysetup-temp-allocator-size-gi-baking-worker=262144"
    "memorysetup-temp-allocator-size-gfx=262144"
Refreshing native plugins compatible for Editor in 167.76 ms, found 2 plugins.
Preloading 0 native plugins for Editor in 0.00 ms.
Initialize engine version: 2021.3.9f1 (ad3870b89536)
[Subsystems] Discovering subsystems at path /Applications/Unity/Hub/Editor/2021.3.9f1/Unity.app/Contents/Resources/UnitySubsystems
[Subsystems] Discovering subsystems at path /Users/luisangel/Unity/Prototipo1/Prototipo1/Assets
GfxDevice: creating device client; threaded=0; jobified=0
 preferred device: Apple M1 (high power)
Metal devices available: 1
0: Apple M1 (high power)
Using device Apple M1 (high power)
Initializing Metal device caps: Apple M1
Initialize mono
Mono path[0] = '/Applications/Unity/Hub/Editor/2021.3.9f1/Unity.app/Contents/Managed'
Mono path[1] = '/Applications/Unity/Hub/Editor/2021.3.9f1/Unity.app/Contents/MonoBleedingEdge/lib/mono/unityjit-macos'
Mono config path = '/Applications/Unity/Hub/Editor/2021.3.9f1/Unity.app/Contents/MonoBleedingEdge/etc'
Using monoOptions --debugger-agent=transport=dt_socket,embedding=1,server=y,suspend=n,address=127.0.0.1:56102
Begin MonoManager ReloadAssembly
Registering precompiled unity dll's ...
Register platform support module: /Applications/Unity/Hub/Editor/2021.3.9f1/Unity.app/Contents/PlaybackEngines/MacStandaloneSupport/UnityEditor.OSXStandalone.Extensions.dll
Register platform support module: /Applications/Unity/Hub/Editor/2021.3.9f1/PlaybackEngines/iOSSupport/UnityEditor.iOS.Extensions.dll
Register platform support module: /Applications/Unity/Hub/Editor/2021.3.9f1/PlaybackEngines/WindowsStandaloneSupport/UnityEditor.WindowsStandalone.Extensions.dll
Register platform support module: /Applications/Unity/Hub/Editor/2021.3.9f1/PlaybackEngines/LinuxStandaloneSupport/UnityEditor.LinuxStandalone.Extensions.dll
Registered in 0.002828 seconds.
Native extension for LinuxStandalone target not found
Native extension for WindowsStandalone target not found
[usbmuxd] Start listen thread
[usbmuxd] Listen thread started
[usbmuxd] Send listen message
Native extension for iOS target not found
Native extension for OSXStandalone target not found
Refreshing native plugins compatible for Editor in 64.88 ms, found 2 plugins.
Preloading 0 native plugins for Editor in 0.00 ms.
Mono: successfully reloaded assembly
- Completed reload, in  0.582 seconds
Domain Reload Profiling:
	ReloadAssembly (582ms)
		BeginReloadAssembly (82ms)
			ExecutionOrderSort (0ms)
			DisableScriptedObjects (0ms)
			BackupInstance (0ms)
			ReleaseScriptingObjects (0ms)
			CreateAndSetChildDomain (1ms)
		EndReloadAssembly (371ms)
			LoadAssemblies (83ms)
			RebuildTransferFunctionScriptingTraits (0ms)
			SetupTypeCache (86ms)
			ReleaseScriptCaches (0ms)
			RebuildScriptCaches (20ms)
			SetupLoadedEditorAssemblies (235ms)
				LogAssemblyErrors (0ms)
				InitializePlatformSupportModulesInManaged (58ms)
				SetLoadedEditorAssemblies (0ms)
				RefreshPlugins (65ms)
				BeforeProcessingInitializeOnLoad (1ms)
				ProcessInitializeOnLoadAttributes (83ms)
				ProcessInitializeOnLoadMethodAttributes (27ms)
				AfterProcessingInitializeOnLoad (0ms)
				EditorAssembliesLoaded (0ms)
			ExecutionOrderSort2 (0ms)
			AwakeInstancesAfterBackupRestoration (0ms)
Platform modules already initialized, skipping
Registering precompiled user dll's ...
Registered in 0.001317 seconds.
Begin MonoManager ReloadAssembly
Symbol file LoadedFromMemory doesn't match image /Users/luisangel/Unity/Prototipo1/Prototipo1/Library/PackageCache/com.unity.visualscripting@1.7.8/Editor/VisualScripting.Core/Dependencies/YamlDotNet/Unity.VisualScripting.YamlDotNet.dll
Symbol file LoadedFromMemory doesn't match image /Users/luisangel/Unity/Prototipo1/Prototipo1/Library/PackageCache/com.unity.visualscripting@1.7.8/Editor/VisualScripting.Core/Dependencies/DotNetZip/Unity.VisualScripting.IonicZip.dll
Native extension for LinuxStandalone target not found
Native extension for WindowsStandalone target not found
Native extension for iOS target not found
Native extension for OSXStandalone target not found
Refreshing native plugins compatible for Editor in 0.28 ms, found 2 plugins.
Preloading 0 native plugins for Editor in 0.00 ms.
Mono: successfully reloaded assembly
- Completed reload, in  0.741 seconds
Domain Reload Profiling:
	ReloadAssembly (742ms)
		BeginReloadAssembly (80ms)
			ExecutionOrderSort (0ms)
			DisableScriptedObjects (3ms)
			BackupInstance (0ms)
			ReleaseScriptingObjects (0ms)
			CreateAndSetChildDomain (21ms)
		EndReloadAssembly (583ms)
			LoadAssemblies (53ms)
			RebuildTransferFunctionScriptingTraits (0ms)
			SetupTypeCache (186ms)
			ReleaseScriptCaches (0ms)
			RebuildScriptCaches (34ms)
			SetupLoadedEditorAssemblies (294ms)
				LogAssemblyErrors (0ms)
				InitializePlatformSupportModulesInManaged (15ms)
				SetLoadedEditorAssemblies (0ms)
				RefreshPlugins (0ms)
				BeforeProcessingInitializeOnLoad (52ms)
				ProcessInitializeOnLoadAttributes (212ms)
				ProcessInitializeOnLoadMethodAttributes (13ms)
				AfterProcessingInitializeOnLoad (1ms)
				EditorAssembliesLoaded (0ms)
			ExecutionOrderSort2 (0ms)
			AwakeInstancesAfterBackupRestoration (2ms)
Platform modules already initialized, skipping
========================================================================
Worker process is ready to serve import requests
Launching external process: /Applications/Unity/Hub/Editor/2021.3.9f1/Unity.app/Contents/Tools/UnityShaderCompiler
Launched and connected shader compiler UnityShaderCompiler after 0.25 seconds
Refreshing native plugins compatible for Editor in 0.45 ms, found 2 plugins.
Preloading 0 native plugins for Editor in 0.00 ms.
Unloading 3063 Unused Serialized files (Serialized files now loaded: 0)
Unloading 24 unused Assets / (94.9 KB). Loaded Objects now: 3525.
Memory consumption went from 223.1 MB to 223.0 MB.
Total: 17.142834 ms (FindLiveObjects: 0.249375 ms CreateObjectMapping: 0.066000 ms MarkObjects: 16.604750 ms  DeleteObjects: 0.219917 ms)

AssetImportParameters requested are different than current active one (requested -> active):
  custom:video-decoder-ogg-theora: a1e56fd34408186e4bbccfd4996cb3dc -> 
  custom:container-muxer-webm: aa71ff27fc2769a1b78a27578f13a17b -> 
  custom:container-demuxer-webm: 4f35f7cbe854078d1ac9338744f61a02 -> 
  custom:video-encoder-webm-vp8: eb34c28f22e8b96e1ab97ce403110664 -> 
  custom:framework-osx-AVFoundation: e770b220cccbd017edd2c1fefb359320 -> 
  custom:audio-encoder-webm-vorbis: bf7c407c2cedff20999df2af8eb42d56 -> 
  custom:container-demuxer-ogg: 62fdf1f143b41e24485cea50d1cbac27 -> 
  custom:video-decoder-webm-vp8: 9c59270c3fd7afecdb556c50c9e8de78 -> 
  custom:audio-decoder-ogg-vorbis: bf7c407c2cedff20999df2af8eb42d56 -> 
========================================================================
Received Import Request.
  Time since last request: 430021.104093 seconds.
  path: Assets/Course Library/Ground/Track.prefab
  artifactKey: Guid(3a148ace166d243bb90b6981d675b0f3) Importer(815301076,1909f56bfc062723c751e8b465ee728b)
Start importing Assets/Course Library/Ground/Track.prefab using Guid(3a148ace166d243bb90b6981d675b0f3) Importer(815301076,1909f56bfc062723c751e8b465ee728b)  -> (artifact id: '00000000000000000000000000000000') in 0.689289 seconds  code(4) message(Build asset version error: assets/course library/ground/track.prefab in SourceAssetDB has modification time of '2023-09-29T22:55:49Z' while content on disk has modification time of '2023-09-30T01:00:55Z')
  ERROR: Build asset version error: assets/course library/ground/track.prefab in SourceAssetDB has modification time of '2023-09-29T22:55:49Z' while content on disk has modification time of '2023-09-30T01:00:55Z'
========================================================================
Received Import Request.
  Time since last request: 18.164721 seconds.
  path: 
  artifactKey: Guid(fffecc2e1c4b24a16a1396ce95990e90) Importer(815301076,1909f56bfc062723c751e8b465ee728b)
Start importing  using Guid(fffecc2e1c4b24a16a1396ce95990e90) Importer(815301076,1909f56bfc062723c751e8b465ee728b)  -> (artifact id: '00000000000000000000000000000000') in 0.000365 seconds  code(3) message(Unknown asset with GUID 'fffecc2e1c4b24a16a1396ce95990e90')
  ERROR: Unknown asset with GUID 'fffecc2e1c4b24a16a1396ce95990e90'
========================================================================
Received Import Request.
  Time since last request: 6.118824 seconds.
  path: 
  artifactKey: Guid(fffecc2e1c4b24a16a1396ce95990e90) Importer(815301076,1909f56bfc062723c751e8b465ee728b)
Start importing  using Guid(fffecc2e1c4b24a16a1396ce95990e90) Importer(815301076,1909f56bfc062723c751e8b465ee728b)  -> (artifact id: '00000000000000000000000000000000') in 0.000116 seconds  code(3) message(Unknown asset with GUID 'fffecc2e1c4b24a16a1396ce95990e90')
  ERROR: Unknown asset with GUID 'fffecc2e1c4b24a16a1396ce95990e90'
========================================================================
Received Import Request.
  Time since last request: 1.874880 seconds.
  path: 
  artifactKey: Guid(fffecc2e1c4b24a16a1396ce95990e90) Importer(815301076,1909f56bfc062723c751e8b465ee728b)
Start importing  using Guid(fffecc2e1c4b24a16a1396ce95990e90) Importer(815301076,1909f56bfc062723c751e8b465ee728b)  -> (artifact id: '00000000000000000000000000000000') in 0.000071 seconds  code(3) message(Unknown asset with GUID 'fffecc2e1c4b24a16a1396ce95990e90')
  ERROR: Unknown asset with GUID 'fffecc2e1c4b24a16a1396ce95990e90'
========================================================================
Received Import Request.
  Time since last request: 3.277070 seconds.
  path: 
  artifactKey: Guid(fffecc2e1c4b24a16a1396ce95990e90) Importer(815301076,1909f56bfc062723c751e8b465ee728b)
Start importing  using Guid(fffecc2e1c4b24a16a1396ce95990e90) Importer(815301076,1909f56bfc062723c751e8b465ee728b)  -> (artifact id: '00000000000000000000000000000000') in 0.000035 seconds  code(3) message(Unknown asset with GUID 'fffecc2e1c4b24a16a1396ce95990e90')
  ERROR: Unknown asset with GUID 'fffecc2e1c4b24a16a1396ce95990e90'
========================================================================
Received Import Request.
  Time since last request: 1.396949 seconds.
  path: 
  artifactKey: Guid(fffecc2e1c4b24a16a1396ce95990e90) Importer(815301076,1909f56bfc062723c751e8b465ee728b)
Start importing  using Guid(fffecc2e1c4b24a16a1396ce95990e90) Importer(815301076,1909f56bfc062723c751e8b465ee728b)  -> (artifact id: '00000000000000000000000000000000') in 0.000063 seconds  code(3) message(Unknown asset with GUID 'fffecc2e1c4b24a16a1396ce95990e90')
  ERROR: Unknown asset with GUID 'fffecc2e1c4b24a16a1396ce95990e90'
========================================================================
Received Import Request.
  Time since last request: 6.888033 seconds.
  path: 
  artifactKey: Guid(fffecc2e1c4b24a16a1396ce95990e90) Importer(815301076,1909f56bfc062723c751e8b465ee728b)
Start importing  using Guid(fffecc2e1c4b24a16a1396ce95990e90) Importer(815301076,1909f56bfc062723c751e8b465ee728b)  -> (artifact id: '00000000000000000000000000000000') in 0.000081 seconds  code(3) message(Unknown asset with GUID 'fffecc2e1c4b24a16a1396ce95990e90')
  ERROR: Unknown asset with GUID 'fffecc2e1c4b24a16a1396ce95990e90'
========================================================================
Received Import Request.
  Time since last request: 2.819716 seconds.
  path: 
  artifactKey: Guid(fffecc2e1c4b24a16a1396ce95990e90) Importer(815301076,1909f56bfc062723c751e8b465ee728b)
Start importing  using Guid(fffecc2e1c4b24a16a1396ce95990e90) Importer(815301076,1909f56bfc062723c751e8b465ee728b)  -> (artifact id: '00000000000000000000000000000000') in 0.000083 seconds  code(3) message(Unknown asset with GUID 'fffecc2e1c4b24a16a1396ce95990e90')
  ERROR: Unknown asset with GUID 'fffecc2e1c4b24a16a1396ce95990e90'
========================================================================
Received Import Request.
  Time since last request: 3.427306 seconds.
  path: 
  artifactKey: Guid(fffecc2e1c4b24a16a1396ce95990e90) Importer(815301076,1909f56bfc062723c751e8b465ee728b)
Start importing  using Guid(fffecc2e1c4b24a16a1396ce95990e90) Importer(815301076,1909f56bfc062723c751e8b465ee728b)  -> (artifact id: '00000000000000000000000000000000') in 0.000043 seconds  code(3) message(Unknown asset with GUID 'fffecc2e1c4b24a16a1396ce95990e90')
  ERROR: Unknown asset with GUID 'fffecc2e1c4b24a16a1396ce95990e90'
========================================================================
Received Import Request.
  Time since last request: 4.848027 seconds.
  path: 
  artifactKey: Guid(fffecc2e1c4b24a16a1396ce95990e90) Importer(815301076,1909f56bfc062723c751e8b465ee728b)
Start importing  using Guid(fffecc2e1c4b24a16a1396ce95990e90) Importer(815301076,1909f56bfc062723c751e8b465ee728b)  -> (artifact id: '00000000000000000000000000000000') in 0.000048 seconds  code(3) message(Unknown asset with GUID 'fffecc2e1c4b24a16a1396ce95990e90')
  ERROR: Unknown asset with GUID 'fffecc2e1c4b24a16a1396ce95990e90'
========================================================================
Received Import Request.
  Time since last request: 10.145012 seconds.
  path: 
  artifactKey: Guid(fffecc2e1c4b24a16a1396ce95990e90) Importer(815301076,1909f56bfc062723c751e8b465ee728b)
Start importing  using Guid(fffecc2e1c4b24a16a1396ce95990e90) Importer(815301076,1909f56bfc062723c751e8b465ee728b)  -> (artifact id: '00000000000000000000000000000000') in 0.000158 seconds  code(3) message(Unknown asset with GUID 'fffecc2e1c4b24a16a1396ce95990e90')
  ERROR: Unknown asset with GUID 'fffecc2e1c4b24a16a1396ce95990e90'
========================================================================
Received Import Request.
  Time since last request: 4.193705 seconds.
  path: 
  artifactKey: Guid(fffecc2e1c4b24a16a1396ce95990e90) Importer(815301076,1909f56bfc062723c751e8b465ee728b)
Start importing  using Guid(fffecc2e1c4b24a16a1396ce95990e90) Importer(815301076,1909f56bfc062723c751e8b465ee728b)  -> (artifact id: '00000000000000000000000000000000') in 0.000544 seconds  code(3) message(Unknown asset with GUID 'fffecc2e1c4b24a16a1396ce95990e90')
  ERROR: Unknown asset with GUID 'fffecc2e1c4b24a16a1396ce95990e90'
========================================================================
Received Import Request.
  Time since last request: 2.168396 seconds.
  path: 
  artifactKey: Guid(fffecc2e1c4b24a16a1396ce95990e90) Importer(815301076,1909f56bfc062723c751e8b465ee728b)
Start importing  using Guid(fffecc2e1c4b24a16a1396ce95990e90) Importer(815301076,1909f56bfc062723c751e8b465ee728b)  -> (artifact id: '00000000000000000000000000000000') in 0.000054 seconds  code(3) message(Unknown asset with GUID 'fffecc2e1c4b24a16a1396ce95990e90')
  ERROR: Unknown asset with GUID 'fffecc2e1c4b24a16a1396ce95990e90'
========================================================================
Received Import Request.
  Time since last request: 2.389862 seconds.
  path: 
  artifactKey: Guid(fffecc2e1c4b24a16a1396ce95990e90) Importer(815301076,1909f56bfc062723c751e8b465ee728b)
Start importing  using Guid(fffecc2e1c4b24a16a1396ce95990e90) Importer(815301076,1909f56bfc062723c751e8b465ee728b)  -> (artifact id: '00000000000000000000000000000000') in 0.000061 seconds  code(3) message(Unknown asset with GUID 'fffecc2e1c4b24a16a1396ce95990e90')
  ERROR: Unknown asset with GUID 'fffecc2e1c4b24a16a1396ce95990e90'
========================================================================
Received Import Request.
  Time since last request: 1.628907 seconds.
  path: 
  artifactKey: Guid(fffecc2e1c4b24a16a1396ce95990e90) Importer(815301076,1909f56bfc062723c751e8b465ee728b)
Start importing  using Guid(fffecc2e1c4b24a16a1396ce95990e90) Importer(815301076,1909f56bfc062723c751e8b465ee728b)  -> (artifact id: '00000000000000000000000000000000') in 0.000059 seconds  code(3) message(Unknown asset with GUID 'fffecc2e1c4b24a16a1396ce95990e90')
  ERROR: Unknown asset with GUID 'fffecc2e1c4b24a16a1396ce95990e90'
========================================================================
Received Import Request.
  Time since last request: 25.203356 seconds.
  path: 
  artifactKey: Guid(fffecc2e1c4b24a16a1396ce95990e90) Importer(815301076,1909f56bfc062723c751e8b465ee728b)
Start importing  using Guid(fffecc2e1c4b24a16a1396ce95990e90) Importer(815301076,1909f56bfc062723c751e8b465ee728b)  -> (artifact id: '00000000000000000000000000000000') in 0.000190 seconds  code(3) message(Unknown asset with GUID 'fffecc2e1c4b24a16a1396ce95990e90')
  ERROR: Unknown asset with GUID 'fffecc2e1c4b24a16a1396ce95990e90'
========================================================================
Received Prepare
Registering precompiled user dll's ...
Registered in 0.001030 seconds.
Begin MonoManager ReloadAssembly
Thread 0x291087000 may have been prematurely finalized
Symbol file LoadedFromMemory doesn't match image /Users/luisangel/Unity/Prototipo1/Prototipo1/Library/PackageCache/com.unity.visualscripting@1.7.8/Editor/VisualScripting.Core/Dependencies/YamlDotNet/Unity.VisualScripting.YamlDotNet.dll
Symbol file LoadedFromMemory doesn't match image /Users/luisangel/Unity/Prototipo1/Prototipo1/Library/PackageCache/com.unity.visualscripting@1.7.8/Editor/VisualScripting.Core/Dependencies/DotNetZip/Unity.VisualScripting.IonicZip.dll
Native extension for LinuxStandalone target not found
Native extension for WindowsStandalone target not found
Native extension for iOS target not found
Native extension for OSXStandalone target not found
Refreshing native plugins compatible for Editor in 0.39 ms, found 2 plugins.
Preloading 0 native plugins for Editor in 0.00 ms.
Mono: successfully reloaded assembly
- Completed reload, in  0.763 seconds
Domain Reload Profiling:
	ReloadAssembly (764ms)
		BeginReloadAssembly (110ms)
			ExecutionOrderSort (0ms)
			DisableScriptedObjects (3ms)
			BackupInstance (0ms)
			ReleaseScriptingObjects (0ms)
			CreateAndSetChildDomain (49ms)
		EndReloadAssembly (583ms)
			LoadAssemblies (49ms)
			RebuildTransferFunctionScriptingTraits (0ms)
			SetupTypeCache (222ms)
			ReleaseScriptCaches (1ms)
			RebuildScriptCaches (32ms)
			SetupLoadedEditorAssemblies (247ms)
				LogAssemblyErrors (0ms)
				InitializePlatformSupportModulesInManaged (24ms)
				SetLoadedEditorAssemblies (0ms)
				RefreshPlugins (0ms)
				BeforeProcessingInitializeOnLoad (43ms)
				ProcessInitializeOnLoadAttributes (164ms)
				ProcessInitializeOnLoadMethodAttributes (15ms)
				AfterProcessingInitializeOnLoad (1ms)
				EditorAssembliesLoaded (0ms)
			ExecutionOrderSort2 (0ms)
			AwakeInstancesAfterBackupRestoration (2ms)
Platform modules already initialized, skipping
Refreshing native plugins compatible for Editor in 0.91 ms, found 2 plugins.
Preloading 0 native plugins for Editor in 0.00 ms.
Unloading 3045 Unused Serialized files (Serialized files now loaded: 0)
Unloading 18 unused Assets / (72.2 KB). Loaded Objects now: 3540.
Memory consumption went from 230.9 MB to 230.8 MB.
Total: 3.161250 ms (FindLiveObjects: 0.177750 ms CreateObjectMapping: 0.060542 ms MarkObjects: 2.820250 ms  DeleteObjects: 0.101583 ms)

AssetImportParameters requested are different than current active one (requested -> active):
  custom:video-decoder-ogg-theora: a1e56fd34408186e4bbccfd4996cb3dc -> 
  custom:container-muxer-webm: aa71ff27fc2769a1b78a27578f13a17b -> 
  custom:container-demuxer-webm: 4f35f7cbe854078d1ac9338744f61a02 -> 
  custom:video-encoder-webm-vp8: eb34c28f22e8b96e1ab97ce403110664 -> 
  custom:framework-osx-AVFoundation: e770b220cccbd017edd2c1fefb359320 -> 
  custom:audio-encoder-webm-vorbis: bf7c407c2cedff20999df2af8eb42d56 -> 
  custom:container-demuxer-ogg: 62fdf1f143b41e24485cea50d1cbac27 -> 
  custom:video-decoder-webm-vp8: 9c59270c3fd7afecdb556c50c9e8de78 -> 
  custom:audio-decoder-ogg-vorbis: bf7c407c2cedff20999df2af8eb42d56 -> 
========================================================================
Received Import Request.
  Time since last request: 5.479373 seconds.
  path: 
  artifactKey: Guid(fffecc2e1c4b24a16a1396ce95990e90) Importer(815301076,1909f56bfc062723c751e8b465ee728b)
Start importing  using Guid(fffecc2e1c4b24a16a1396ce95990e90) Importer(815301076,1909f56bfc062723c751e8b465ee728b)  -> (artifact id: '00000000000000000000000000000000') in 0.000045 seconds  code(3) message(Unknown asset with GUID 'fffecc2e1c4b24a16a1396ce95990e90')
  ERROR: Unknown asset with GUID 'fffecc2e1c4b24a16a1396ce95990e90'
========================================================================
Received Import Request.
  Time since last request: 83.656647 seconds.
  path: 
  artifactKey: Guid(fffecc2e1c4b24a16a1396ce95990e90) Importer(815301076,1909f56bfc062723c751e8b465ee728b)
Start importing  using Guid(fffecc2e1c4b24a16a1396ce95990e90) Importer(815301076,1909f56bfc062723c751e8b465ee728b)  -> (artifact id: '00000000000000000000000000000000') in 0.000106 seconds  code(3) message(Unknown asset with GUID 'fffecc2e1c4b24a16a1396ce95990e90')
  ERROR: Unknown asset with GUID 'fffecc2e1c4b24a16a1396ce95990e90'
========================================================================
Received Prepare
Registering precompiled user dll's ...
Registered in 0.001078 seconds.
Begin MonoManager ReloadAssembly
Thread 0x2858c7000 may have been prematurely finalized
Symbol file LoadedFromMemory doesn't match image /Users/luisangel/Unity/Prototipo1/Prototipo1/Library/PackageCache/com.unity.visualscripting@1.7.8/Editor/VisualScripting.Core/Dependencies/YamlDotNet/Unity.VisualScripting.YamlDotNet.dll
Symbol file LoadedFromMemory doesn't match image /Users/luisangel/Unity/Prototipo1/Prototipo1/Library/PackageCache/com.unity.visualscripting@1.7.8/Editor/VisualScripting.Core/Dependencies/DotNetZip/Unity.VisualScripting.IonicZip.dll
Native extension for LinuxStandalone target not found
Native extension for WindowsStandalone target not found
Native extension for iOS target not found
Native extension for OSXStandalone target not found
Refreshing native plugins compatible for Editor in 0.56 ms, found 2 plugins.
Preloading 0 native plugins for Editor in 0.00 ms.
Mono: successfully reloaded assembly
- Completed reload, in  0.828 seconds
Domain Reload Profiling:
	ReloadAssembly (829ms)
		BeginReloadAssembly (164ms)
			ExecutionOrderSort (0ms)
			DisableScriptedObjects (4ms)
			BackupInstance (0ms)
			ReleaseScriptingObjects (0ms)
			CreateAndSetChildDomain (92ms)
		EndReloadAssembly (591ms)
			LoadAssemblies (40ms)
			RebuildTransferFunctionScriptingTraits (0ms)
			SetupTypeCache (223ms)
			ReleaseScriptCaches (1ms)
			RebuildScriptCaches (34ms)
			SetupLoadedEditorAssemblies (262ms)
				LogAssemblyErrors (0ms)
				InitializePlatformSupportModulesInManaged (23ms)
				SetLoadedEditorAssemblies (0ms)
				RefreshPlugins (1ms)
				BeforeProcessingInitializeOnLoad (41ms)
				ProcessInitializeOnLoadAttributes (184ms)
				ProcessInitializeOnLoadMethodAttributes (13ms)
				AfterProcessingInitializeOnLoad (1ms)
				EditorAssembliesLoaded (0ms)
			ExecutionOrderSort2 (0ms)
			AwakeInstancesAfterBackupRestoration (2ms)
Platform modules already initialized, skipping
Refreshing native plugins compatible for Editor in 0.82 ms, found 2 plugins.
Preloading 0 native plugins for Editor in 0.00 ms.
Unloading 3045 Unused Serialized files (Serialized files now loaded: 0)
Unloading 17 unused Assets / (71.6 KB). Loaded Objects now: 3543.
Memory consumption went from 231.1 MB to 231.0 MB.
Total: 2.716583 ms (FindLiveObjects: 0.139458 ms CreateObjectMapping: 0.045208 ms MarkObjects: 2.428958 ms  DeleteObjects: 0.102000 ms)

AssetImportParameters requested are different than current active one (requested -> active):
  custom:video-decoder-ogg-theora: a1e56fd34408186e4bbccfd4996cb3dc -> 
  custom:container-muxer-webm: aa71ff27fc2769a1b78a27578f13a17b -> 
  custom:container-demuxer-webm: 4f35f7cbe854078d1ac9338744f61a02 -> 
  custom:video-encoder-webm-vp8: eb34c28f22e8b96e1ab97ce403110664 -> 
  custom:framework-osx-AVFoundation: e770b220cccbd017edd2c1fefb359320 -> 
  custom:audio-encoder-webm-vorbis: bf7c407c2cedff20999df2af8eb42d56 -> 
  custom:container-demuxer-ogg: 62fdf1f143b41e24485cea50d1cbac27 -> 
  custom:video-decoder-webm-vp8: 9c59270c3fd7afecdb556c50c9e8de78 -> 
  custom:audio-decoder-ogg-vorbis: bf7c407c2cedff20999df2af8eb42d56 -> 
========================================================================
Received Import Request.
  Time since last request: 10.410205 seconds.
  path: 
  artifactKey: Guid(fffecc2e1c4b24a16a1396ce95990e90) Importer(815301076,1909f56bfc062723c751e8b465ee728b)
Start importing  using Guid(fffecc2e1c4b24a16a1396ce95990e90) Importer(815301076,1909f56bfc062723c751e8b465ee728b)  -> (artifact id: '00000000000000000000000000000000') in 0.000058 seconds  code(3) message(Unknown asset with GUID 'fffecc2e1c4b24a16a1396ce95990e90')
  ERROR: Unknown asset with GUID 'fffecc2e1c4b24a16a1396ce95990e90'
========================================================================
Received Prepare
Registering precompiled user dll's ...
Registered in 0.001005 seconds.
Begin MonoManager ReloadAssembly
Thread 0x283087000 may have been prematurely finalized
Symbol file LoadedFromMemory doesn't match image /Users/luisangel/Unity/Prototipo1/Prototipo1/Library/PackageCache/com.unity.visualscripting@1.7.8/Editor/VisualScripting.Core/Dependencies/YamlDotNet/Unity.VisualScripting.YamlDotNet.dll
Symbol file LoadedFromMemory doesn't match image /Users/luisangel/Unity/Prototipo1/Prototipo1/Library/PackageCache/com.unity.visualscripting@1.7.8/Editor/VisualScripting.Core/Dependencies/DotNetZip/Unity.VisualScripting.IonicZip.dll
Native extension for LinuxStandalone target not found
Native extension for WindowsStandalone target not found
Native extension for iOS target not found
Native extension for OSXStandalone target not found
Refreshing native plugins compatible for Editor in 0.38 ms, found 2 plugins.
Preloading 0 native plugins for Editor in 0.00 ms.
Mono: successfully reloaded assembly
- Completed reload, in  0.789 seconds
Domain Reload Profiling:
	ReloadAssembly (790ms)
		BeginReloadAssembly (122ms)
			ExecutionOrderSort (0ms)
			DisableScriptedObjects (4ms)
			BackupInstance (0ms)
			ReleaseScriptingObjects (0ms)
			CreateAndSetChildDomain (49ms)
		EndReloadAssembly (587ms)
			LoadAssemblies (52ms)
			RebuildTransferFunctionScriptingTraits (0ms)
			SetupTypeCache (225ms)
			ReleaseScriptCaches (1ms)
			RebuildScriptCaches (33ms)
			SetupLoadedEditorAssemblies (249ms)
				LogAssemblyErrors (0ms)
				InitializePlatformSupportModulesInManaged (22ms)
				SetLoadedEditorAssemblies (0ms)
				RefreshPlugins (0ms)
				BeforeProcessingInitializeOnLoad (39ms)
				ProcessInitializeOnLoadAttributes (172ms)
				ProcessInitializeOnLoadMethodAttributes (14ms)
				AfterProcessingInitializeOnLoad (1ms)
				EditorAssembliesLoaded (0ms)
			ExecutionOrderSort2 (0ms)
			AwakeInstancesAfterBackupRestoration (3ms)
Platform modules already initialized, skipping
Refreshing native plugins compatible for Editor in 0.99 ms, found 2 plugins.
Preloading 0 native plugins for Editor in 0.00 ms.
Unloading 3045 Unused Serialized files (Serialized files now loaded: 0)
Unloading 17 unused Assets / (71.5 KB). Loaded Objects now: 3546.
Memory consumption went from 231.3 MB to 231.2 MB.
Total: 3.110042 ms (FindLiveObjects: 0.154791 ms CreateObjectMapping: 0.049167 ms MarkObjects: 2.710208 ms  DeleteObjects: 0.195000 ms)

AssetImportParameters requested are different than current active one (requested -> active):
  custom:video-decoder-ogg-theora: a1e56fd34408186e4bbccfd4996cb3dc -> 
  custom:container-muxer-webm: aa71ff27fc2769a1b78a27578f13a17b -> 
  custom:container-demuxer-webm: 4f35f7cbe854078d1ac9338744f61a02 -> 
  custom:video-encoder-webm-vp8: eb34c28f22e8b96e1ab97ce403110664 -> 
  custom:framework-osx-AVFoundation: e770b220cccbd017edd2c1fefb359320 -> 
  custom:audio-encoder-webm-vorbis: bf7c407c2cedff20999df2af8eb42d56 -> 
  custom:container-demuxer-ogg: 62fdf1f143b41e24485cea50d1cbac27 -> 
  custom:video-decoder-webm-vp8: 9c59270c3fd7afecdb556c50c9e8de78 -> 
  custom:audio-decoder-ogg-vorbis: bf7c407c2cedff20999df2af8eb42d56 -> 
========================================================================
Received Import Request.
  Time since last request: 162.007068 seconds.
  path: Assets/Course Library/Ground/Track.prefab
  artifactKey: Guid(3a148ace166d243bb90b6981d675b0f3) Importer(815301076,1909f56bfc062723c751e8b465ee728b)
Start importing Assets/Course Library/Ground/Track.prefab using Guid(3a148ace166d243bb90b6981d675b0f3) Importer(815301076,1909f56bfc062723c751e8b465ee728b)  -> (artifact id: '00000000000000000000000000000000') in 0.144827 seconds  code(4) message(Build asset version error: assets/course library/ground/track.prefab in SourceAssetDB has modification time of '2023-09-29T22:55:49Z' while content on disk has modification time of '2023-09-30T01:13:39Z')
  ERROR: Build asset version error: assets/course library/ground/track.prefab in SourceAssetDB has modification time of '2023-09-29T22:55:49Z' while content on disk has modification time of '2023-09-30T01:13:39Z'
========================================================================
Received Import Request.
  Time since last request: 12.465394 seconds.
  path: Assets/Course Library/Ground/Track.prefab
  artifactKey: Guid(3a148ace166d243bb90b6981d675b0f3) Importer(815301076,1909f56bfc062723c751e8b465ee728b)
Start importing Assets/Course Library/Ground/Track.prefab using Guid(3a148ace166d243bb90b6981d675b0f3) Importer(815301076,1909f56bfc062723c751e8b465ee728b)  -> (artifact id: '00000000000000000000000000000000') in 0.049682 seconds  code(4) message(Build asset version error: assets/course library/ground/track.prefab in SourceAssetDB has modification time of '2023-09-29T22:55:49Z' while content on disk has modification time of '2023-09-30T01:18:13Z')
  ERROR: Build asset version error: assets/course library/ground/track.prefab in SourceAssetDB has modification time of '2023-09-29T22:55:49Z' while content on disk has modification time of '2023-09-30T01:18:13Z'
========================================================================
Received Import Request.
  Time since last request: 5.124340 seconds.
  path: Assets/Course Library/Ground/Track.prefab
  artifactKey: Guid(3a148ace166d243bb90b6981d675b0f3) Importer(815301076,1909f56bfc062723c751e8b465ee728b)
Start importing Assets/Course Library/Ground/Track.prefab using Guid(3a148ace166d243bb90b6981d675b0f3) Importer(815301076,1909f56bfc062723c751e8b465ee728b)  -> (artifact id: '00000000000000000000000000000000') in 0.023810 seconds  code(4) message(Build asset version error: assets/course library/ground/track.prefab in SourceAssetDB has modification time of '2023-09-29T22:55:49Z' while content on disk has modification time of '2023-09-30T01:18:18Z')
  ERROR: Build asset version error: assets/course library/ground/track.prefab in SourceAssetDB has modification time of '2023-09-29T22:55:49Z' while content on disk has modification time of '2023-09-30T01:18:18Z'
========================================================================
Received Import Request.
  Time since last request: 1.566153 seconds.
  path: Assets/Course Library/Ground/Track.prefab
  artifactKey: Guid(3a148ace166d243bb90b6981d675b0f3) Importer(815301076,1909f56bfc062723c751e8b465ee728b)
Start importing Assets/Course Library/Ground/Track.prefab using Guid(3a148ace166d243bb90b6981d675b0f3) Importer(815301076,1909f56bfc062723c751e8b465ee728b)  -> (artifact id: '00000000000000000000000000000000') in 0.019277 seconds  code(4) message(Build asset version error: assets/course library/ground/track.prefab in SourceAssetDB has modification time of '2023-09-29T22:55:49Z' while content on disk has modification time of '2023-09-30T01:18:20Z')
  ERROR: Build asset version error: assets/course library/ground/track.prefab in SourceAssetDB has modification time of '2023-09-29T22:55:49Z' while content on disk has modification time of '2023-09-30T01:18:20Z'
========================================================================
Received Import Request.
  Time since last request: 28.990464 seconds.
  path: Assets/Course Library/Ground/Track.prefab
  artifactKey: Guid(3a148ace166d243bb90b6981d675b0f3) Importer(815301076,1909f56bfc062723c751e8b465ee728b)
Start importing Assets/Course Library/Ground/Track.prefab using Guid(3a148ace166d243bb90b6981d675b0f3) Importer(815301076,1909f56bfc062723c751e8b465ee728b)  -> (artifact id: '00000000000000000000000000000000') in 0.068427 seconds  code(4) message(Build asset version error: assets/course library/ground/track.prefab in SourceAssetDB has modification time of '2023-09-29T22:55:49Z' while content on disk has modification time of '2023-09-30T01:18:49Z')
  ERROR: Build asset version error: assets/course library/ground/track.prefab in SourceAssetDB has modification time of '2023-09-29T22:55:49Z' while content on disk has modification time of '2023-09-30T01:18:49Z'
========================================================================
Received Import Request.
  Time since last request: 0.691854 seconds.
  path: Assets/Course Library/Ground/Track.prefab
  artifactKey: Guid(3a148ace166d243bb90b6981d675b0f3) Importer(815301076,1909f56bfc062723c751e8b465ee728b)
Start importing Assets/Course Library/Ground/Track.prefab using Guid(3a148ace166d243bb90b6981d675b0f3) Importer(815301076,1909f56bfc062723c751e8b465ee728b)  -> (artifact id: '00000000000000000000000000000000') in 0.029594 seconds  code(4) message(Build asset version error: assets/course library/ground/track.prefab in SourceAssetDB has modification time of '2023-09-29T22:55:49Z' while content on disk has modification time of '2023-09-30T01:18:50Z')
  ERROR: Build asset version error: assets/course library/ground/track.prefab in SourceAssetDB has modification time of '2023-09-29T22:55:49Z' while content on disk has modification time of '2023-09-30T01:18:50Z'
========================================================================
Received Import Request.
  Time since last request: 2.579142 seconds.
  path: Assets/Course Library/Ground/Track.prefab
  artifactKey: Guid(3a148ace166d243bb90b6981d675b0f3) Importer(815301076,1909f56bfc062723c751e8b465ee728b)
Start importing Assets/Course Library/Ground/Track.prefab using Guid(3a148ace166d243bb90b6981d675b0f3) Importer(815301076,1909f56bfc062723c751e8b465ee728b)  -> (artifact id: '00000000000000000000000000000000') in 0.019653 seconds  code(4) message(Build asset version error: assets/course library/ground/track.prefab in SourceAssetDB has modification time of '2023-09-29T22:55:49Z' while content on disk has modification time of '2023-09-30T01:18:52Z')
  ERROR: Build asset version error: assets/course library/ground/track.prefab in SourceAssetDB has modification time of '2023-09-29T22:55:49Z' while content on disk has modification time of '2023-09-30T01:18:52Z'
========================================================================
Received Import Request.
  Time since last request: 2.824295 seconds.
  path: Assets/Course Library/Ground/Track.prefab
  artifactKey: Guid(3a148ace166d243bb90b6981d675b0f3) Importer(815301076,1909f56bfc062723c751e8b465ee728b)
Start importing Assets/Course Library/Ground/Track.prefab using Guid(3a148ace166d243bb90b6981d675b0f3) Importer(815301076,1909f56bfc062723c751e8b465ee728b)  -> (artifact id: '00000000000000000000000000000000') in 0.026831 seconds  code(4) message(Build asset version error: assets/course library/ground/track.prefab in SourceAssetDB has modification time of '2023-09-29T22:55:49Z' while content on disk has modification time of '2023-09-30T01:18:55Z')
  ERROR: Build asset version error: assets/course library/ground/track.prefab in SourceAssetDB has modification time of '2023-09-29T22:55:49Z' while content on disk has modification time of '2023-09-30T01:18:55Z'
========================================================================
Received Import Request.
  Time since last request: 4.218294 seconds.
  path: Assets/Course Library/Ground/Track.prefab
  artifactKey: Guid(3a148ace166d243bb90b6981d675b0f3) Importer(815301076,1909f56bfc062723c751e8b465ee728b)
Start importing Assets/Course Library/Ground/Track.prefab using Guid(3a148ace166d243bb90b6981d675b0f3) Importer(815301076,1909f56bfc062723c751e8b465ee728b)  -> (artifact id: '00000000000000000000000000000000') in 0.018938 seconds  code(4) message(Build asset version error: assets/course library/ground/track.prefab in SourceAssetDB has modification time of '2023-09-29T22:55:49Z' while content on disk has modification time of '2023-09-30T01:19:00Z')
  ERROR: Build asset version error: assets/course library/ground/track.prefab in SourceAssetDB has modification time of '2023-09-29T22:55:49Z' while content on disk has modification time of '2023-09-30T01:19:00Z'
========================================================================
Received Import Request.
  Time since last request: 2.454474 seconds.
  path: Assets/Course Library/Ground/Track.prefab
  artifactKey: Guid(3a148ace166d243bb90b6981d675b0f3) Importer(815301076,1909f56bfc062723c751e8b465ee728b)
Start importing Assets/Course Library/Ground/Track.prefab using Guid(3a148ace166d243bb90b6981d675b0f3) Importer(815301076,1909f56bfc062723c751e8b465ee728b)  -> (artifact id: '00000000000000000000000000000000') in 0.020039 seconds  code(4) message(Build asset version error: assets/course library/ground/track.prefab in SourceAssetDB has modification time of '2023-09-29T22:55:49Z' while content on disk has modification time of '2023-09-30T01:19:02Z')
  ERROR: Build asset version error: assets/course library/ground/track.prefab in SourceAssetDB has modification time of '2023-09-29T22:55:49Z' while content on disk has modification time of '2023-09-30T01:19:02Z'
========================================================================
Received Import Request.
  Time since last request: 3.622687 seconds.
  path: Assets/Course Library/Ground/Track.prefab
  artifactKey: Guid(3a148ace166d243bb90b6981d675b0f3) Importer(815301076,1909f56bfc062723c751e8b465ee728b)
Start importing Assets/Course Library/Ground/Track.prefab using Guid(3a148ace166d243bb90b6981d675b0f3) Importer(815301076,1909f56bfc062723c751e8b465ee728b)  -> (artifact id: '00000000000000000000000000000000') in 0.022400 seconds  code(4) message(Build asset version error: assets/course library/ground/track.prefab in SourceAssetDB has modification time of '2023-09-29T22:55:49Z' while content on disk has modification time of '2023-09-30T01:19:06Z')
  ERROR: Build asset version error: assets/course library/ground/track.prefab in SourceAssetDB has modification time of '2023-09-29T22:55:49Z' while content on disk has modification time of '2023-09-30T01:19:06Z'
========================================================================
Received Import Request.
  Time since last request: 6.699694 seconds.
  path: Assets/Course Library/Ground/Track.prefab
  artifactKey: Guid(3a148ace166d243bb90b6981d675b0f3) Importer(815301076,1909f56bfc062723c751e8b465ee728b)
Start importing Assets/Course Library/Ground/Track.prefab using Guid(3a148ace166d243bb90b6981d675b0f3) Importer(815301076,1909f56bfc062723c751e8b465ee728b)  -> (artifact id: '00000000000000000000000000000000') in 0.049734 seconds  code(4) message(Build asset version error: assets/course library/ground/track.prefab in SourceAssetDB has modification time of '2023-09-29T22:55:49Z' while content on disk has modification time of '2023-09-30T01:19:12Z')
  ERROR: Build asset version error: assets/course library/ground/track.prefab in SourceAssetDB has modification time of '2023-09-29T22:55:49Z' while content on disk has modification time of '2023-09-30T01:19:12Z'
========================================================================
Received Import Request.
  Time since last request: 2.735989 seconds.
  path: Assets/Course Library/Ground/Track.prefab
  artifactKey: Guid(3a148ace166d243bb90b6981d675b0f3) Importer(815301076,1909f56bfc062723c751e8b465ee728b)
Start importing Assets/Course Library/Ground/Track.prefab using Guid(3a148ace166d243bb90b6981d675b0f3) Importer(815301076,1909f56bfc062723c751e8b465ee728b)  -> (artifact id: '00000000000000000000000000000000') in 0.028495 seconds  code(4) message(Build asset version error: assets/course library/ground/track.prefab in SourceAssetDB has modification time of '2023-09-29T22:55:49Z' while content on disk has modification time of '2023-09-30T01:19:15Z')
  ERROR: Build asset version error: assets/course library/ground/track.prefab in SourceAssetDB has modification time of '2023-09-29T22:55:49Z' while content on disk has modification time of '2023-09-30T01:19:15Z'
========================================================================
Received Import Request.
  Time since last request: 3.410118 seconds.
  path: Assets/Course Library/Ground/Track.prefab
  artifactKey: Guid(3a148ace166d243bb90b6981d675b0f3) Importer(815301076,1909f56bfc062723c751e8b465ee728b)
Start importing Assets/Course Library/Ground/Track.prefab using Guid(3a148ace166d243bb90b6981d675b0f3) Importer(815301076,1909f56bfc062723c751e8b465ee728b)  -> (artifact id: '00000000000000000000000000000000') in 0.019458 seconds  code(4) message(Build asset version error: assets/course library/ground/track.prefab in SourceAssetDB has modification time of '2023-09-29T22:55:49Z' while content on disk has modification time of '2023-09-30T01:19:19Z')
  ERROR: Build asset version error: assets/course library/ground/track.prefab in SourceAssetDB has modification time of '2023-09-29T22:55:49Z' while content on disk has modification time of '2023-09-30T01:19:19Z'
========================================================================
Received Import Request.
  Time since last request: 3.852018 seconds.
  path: Assets/Course Library/Ground/Track.prefab
  artifactKey: Guid(3a148ace166d243bb90b6981d675b0f3) Importer(815301076,1909f56bfc062723c751e8b465ee728b)
Start importing Assets/Course Library/Ground/Track.prefab using Guid(3a148ace166d243bb90b6981d675b0f3) Importer(815301076,1909f56bfc062723c751e8b465ee728b)  -> (artifact id: '00000000000000000000000000000000') in 0.018643 seconds  code(4) message(Build asset version error: assets/course library/ground/track.prefab in SourceAssetDB has modification time of '2023-09-29T22:55:49Z' while content on disk has modification time of '2023-09-30T01:19:22Z')
  ERROR: Build asset version error: assets/course library/ground/track.prefab in SourceAssetDB has modification time of '2023-09-29T22:55:49Z' while content on disk has modification time of '2023-09-30T01:19:22Z'
========================================================================
Received Import Request.
  Time since last request: 1.373281 seconds.
  path: Assets/Course Library/Ground/Track.prefab
  artifactKey: Guid(3a148ace166d243bb90b6981d675b0f3) Importer(815301076,1909f56bfc062723c751e8b465ee728b)
Start importing Assets/Course Library/Ground/Track.prefab using Guid(3a148ace166d243bb90b6981d675b0f3) Importer(815301076,1909f56bfc062723c751e8b465ee728b)  -> (artifact id: '00000000000000000000000000000000') in 0.020588 seconds  code(4) message(Build asset version error: assets/course library/ground/track.prefab in SourceAssetDB has modification time of '2023-09-29T22:55:49Z' while content on disk has modification time of '2023-09-30T01:19:24Z')
  ERROR: Build asset version error: assets/course library/ground/track.prefab in SourceAssetDB has modification time of '2023-09-29T22:55:49Z' while content on disk has modification time of '2023-09-30T01:19:24Z'
========================================================================
Received Import Request.
  Time since last request: 2.806635 seconds.
  path: Assets/Course Library/Ground/Track.prefab
  artifactKey: Guid(3a148ace166d243bb90b6981d675b0f3) Importer(815301076,1909f56bfc062723c751e8b465ee728b)
Start importing Assets/Course Library/Ground/Track.prefab using Guid(3a148ace166d243bb90b6981d675b0f3) Importer(815301076,1909f56bfc062723c751e8b465ee728b)  -> (artifact id: '00000000000000000000000000000000') in 0.019916 seconds  code(4) message(Build asset version error: assets/course library/ground/track.prefab in SourceAssetDB has modification time of '2023-09-29T22:55:49Z' while content on disk has modification time of '2023-09-30T01:19:27Z')
  ERROR: Build asset version error: assets/course library/ground/track.prefab in SourceAssetDB has modification time of '2023-09-29T22:55:49Z' while content on disk has modification time of '2023-09-30T01:19:27Z'
========================================================================
Received Prepare
Registering precompiled user dll's ...
Registered in 0.001085 seconds.
Begin MonoManager ReloadAssembly
Thread 0x283087000 may have been prematurely finalized
Symbol file LoadedFromMemory doesn't match image /Users/luisangel/Unity/Prototipo1/Prototipo1/Library/PackageCache/com.unity.visualscripting@1.7.8/Editor/VisualScripting.Core/Dependencies/YamlDotNet/Unity.VisualScripting.YamlDotNet.dll
Symbol file LoadedFromMemory doesn't match image /Users/luisangel/Unity/Prototipo1/Prototipo1/Library/PackageCache/com.unity.visualscripting@1.7.8/Editor/VisualScripting.Core/Dependencies/DotNetZip/Unity.VisualScripting.IonicZip.dll
Native extension for LinuxStandalone target not found
Native extension for WindowsStandalone target not found
Native extension for iOS target not found
Native extension for OSXStandalone target not found
Refreshing native plugins compatible for Editor in 0.37 ms, found 2 plugins.
Preloading 0 native plugins for Editor in 0.00 ms.
Mono: successfully reloaded assembly
- Completed reload, in  0.751 seconds
Domain Reload Profiling:
	ReloadAssembly (751ms)
		BeginReloadAssembly (145ms)
			ExecutionOrderSort (0ms)
			DisableScriptedObjects (7ms)
			BackupInstance (0ms)
			ReleaseScriptingObjects (0ms)
			CreateAndSetChildDomain (74ms)
		EndReloadAssembly (539ms)
			LoadAssemblies (39ms)
			RebuildTransferFunctionScriptingTraits (0ms)
			SetupTypeCache (205ms)
			ReleaseScriptCaches (1ms)
			RebuildScriptCaches (31ms)
			SetupLoadedEditorAssemblies (231ms)
				LogAssemblyErrors (0ms)
				InitializePlatformSupportModulesInManaged (23ms)
				SetLoadedEditorAssemblies (0ms)
				RefreshPlugins (0ms)
				BeforeProcessingInitializeOnLoad (38ms)
				ProcessInitializeOnLoadAttributes (157ms)
				ProcessInitializeOnLoadMethodAttributes (12ms)
				AfterProcessingInitializeOnLoad (1ms)
				EditorAssembliesLoaded (0ms)
			ExecutionOrderSort2 (0ms)
			AwakeInstancesAfterBackupRestoration (2ms)
Platform modules already initialized, skipping
Refreshing native plugins compatible for Editor in 1.19 ms, found 2 plugins.
Preloading 0 native plugins for Editor in 0.00 ms.
Unloading 3045 Unused Serialized files (Serialized files now loaded: 0)
Unloading 18 unused Assets / (72.3 KB). Loaded Objects now: 3549.
Memory consumption went from 232.0 MB to 231.9 MB.
Total: 2.145459 ms (FindLiveObjects: 0.120209 ms CreateObjectMapping: 0.040833 ms MarkObjects: 1.915750 ms  DeleteObjects: 0.068167 ms)

AssetImportParameters requested are different than current active one (requested -> active):
  custom:video-decoder-ogg-theora: a1e56fd34408186e4bbccfd4996cb3dc -> 
  custom:container-muxer-webm: aa71ff27fc2769a1b78a27578f13a17b -> 
  custom:container-demuxer-webm: 4f35f7cbe854078d1ac9338744f61a02 -> 
  custom:video-encoder-webm-vp8: eb34c28f22e8b96e1ab97ce403110664 -> 
  custom:framework-osx-AVFoundation: e770b220cccbd017edd2c1fefb359320 -> 
  custom:audio-encoder-webm-vorbis: bf7c407c2cedff20999df2af8eb42d56 -> 
  custom:container-demuxer-ogg: 62fdf1f143b41e24485cea50d1cbac27 -> 
  custom:video-decoder-webm-vp8: 9c59270c3fd7afecdb556c50c9e8de78 -> 
  custom:audio-decoder-ogg-vorbis: bf7c407c2cedff20999df2af8eb42d56 -> 
========================================================================
Received Prepare
Registering precompiled user dll's ...
Registered in 0.001228 seconds.
Begin MonoManager ReloadAssembly
Thread 0x282787000 may have been prematurely finalized
Symbol file LoadedFromMemory doesn't match image /Users/luisangel/Unity/Prototipo1/Prototipo1/Library/PackageCache/com.unity.visualscripting@1.7.8/Editor/VisualScripting.Core/Dependencies/YamlDotNet/Unity.VisualScripting.YamlDotNet.dll
Symbol file LoadedFromMemory doesn't match image /Users/luisangel/Unity/Prototipo1/Prototipo1/Library/PackageCache/com.unity.visualscripting@1.7.8/Editor/VisualScripting.Core/Dependencies/DotNetZip/Unity.VisualScripting.IonicZip.dll
Native extension for LinuxStandalone target not found
Native extension for WindowsStandalone target not found
Native extension for iOS target not found
Native extension for OSXStandalone target not found
Refreshing native plugins compatible for Editor in 0.44 ms, found 2 plugins.
Preloading 0 native plugins for Editor in 0.00 ms.
Mono: successfully reloaded assembly
- Completed reload, in  0.758 seconds
Domain Reload Profiling:
	ReloadAssembly (759ms)
		BeginReloadAssembly (127ms)
			ExecutionOrderSort (0ms)
			DisableScriptedObjects (3ms)
			BackupInstance (0ms)
			ReleaseScriptingObjects (0ms)
			CreateAndSetChildDomain (56ms)
		EndReloadAssembly (564ms)
			LoadAssemblies (54ms)
			RebuildTransferFunctionScriptingTraits (0ms)
			SetupTypeCache (212ms)
			ReleaseScriptCaches (1ms)
			RebuildScriptCaches (32ms)
			SetupLoadedEditorAssemblies (237ms)
				LogAssemblyErrors (0ms)
				InitializePlatformSupportModulesInManaged (21ms)
				SetLoadedEditorAssemblies (0ms)
				RefreshPlugins (0ms)
				BeforeProcessingInitializeOnLoad (39ms)
				ProcessInitializeOnLoadAttributes (163ms)
				ProcessInitializeOnLoadMethodAttributes (12ms)
				AfterProcessingInitializeOnLoad (1ms)
				EditorAssembliesLoaded (0ms)
			ExecutionOrderSort2 (0ms)
			AwakeInstancesAfterBackupRestoration (3ms)
Platform modules already initialized, skipping
Refreshing native plugins compatible for Editor in 0.74 ms, found 2 plugins.
Preloading 0 native plugins for Editor in 0.00 ms.
Unloading 3045 Unused Serialized files (Serialized files now loaded: 0)
Unloading 17 unused Assets / (71.6 KB). Loaded Objects now: 3552.
Memory consumption went from 232.1 MB to 232.0 MB.
Total: 2.854834 ms (FindLiveObjects: 0.145959 ms CreateObjectMapping: 0.039709 ms MarkObjects: 2.588917 ms  DeleteObjects: 0.079375 ms)

AssetImportParameters requested are different than current active one (requested -> active):
  custom:video-decoder-ogg-theora: a1e56fd34408186e4bbccfd4996cb3dc -> 
  custom:container-muxer-webm: aa71ff27fc2769a1b78a27578f13a17b -> 
  custom:container-demuxer-webm: 4f35f7cbe854078d1ac9338744f61a02 -> 
  custom:video-encoder-webm-vp8: eb34c28f22e8b96e1ab97ce403110664 -> 
  custom:framework-osx-AVFoundation: e770b220cccbd017edd2c1fefb359320 -> 
  custom:audio-encoder-webm-vorbis: bf7c407c2cedff20999df2af8eb42d56 -> 
  custom:container-demuxer-ogg: 62fdf1f143b41e24485cea50d1cbac27 -> 
  custom:video-decoder-webm-vp8: 9c59270c3fd7afecdb556c50c9e8de78 -> 
  custom:audio-decoder-ogg-vorbis: bf7c407c2cedff20999df2af8eb42d56 -> 
========================================================================
Received Prepare
Registering precompiled user dll's ...
Registered in 0.001002 seconds.
Begin MonoManager ReloadAssembly
Thread 0x283c93000 may have been prematurely finalized
Symbol file LoadedFromMemory doesn't match image /Users/luisangel/Unity/Prototipo1/Prototipo1/Library/PackageCache/com.unity.visualscripting@1.7.8/Editor/VisualScripting.Core/Dependencies/YamlDotNet/Unity.VisualScripting.YamlDotNet.dll
Symbol file LoadedFromMemory doesn't match image /Users/luisangel/Unity/Prototipo1/Prototipo1/Library/PackageCache/com.unity.visualscripting@1.7.8/Editor/VisualScripting.Core/Dependencies/DotNetZip/Unity.VisualScripting.IonicZip.dll
Native extension for LinuxStandalone target not found
Native extension for WindowsStandalone target not found
Native extension for iOS target not found
Native extension for OSXStandalone target not found
Refreshing native plugins compatible for Editor in 0.55 ms, found 2 plugins.
Preloading 0 native plugins for Editor in 0.00 ms.
Mono: successfully reloaded assembly
- Completed reload, in  0.704 seconds
Domain Reload Profiling:
	ReloadAssembly (705ms)
		BeginReloadAssembly (97ms)
			ExecutionOrderSort (0ms)
			DisableScriptedObjects (3ms)
			BackupInstance (0ms)
			ReleaseScriptingObjects (0ms)
			CreateAndSetChildDomain (46ms)
		EndReloadAssembly (543ms)
			LoadAssemblies (37ms)
			RebuildTransferFunctionScriptingTraits (0ms)
			SetupTypeCache (202ms)
			ReleaseScriptCaches (1ms)
			RebuildScriptCaches (32ms)
			SetupLoadedEditorAssemblies (238ms)
				LogAssemblyErrors (0ms)
				InitializePlatformSupportModulesInManaged (21ms)
				SetLoadedEditorAssemblies (0ms)
				RefreshPlugins (1ms)
				BeforeProcessingInitializeOnLoad (39ms)
				ProcessInitializeOnLoadAttributes (164ms)
				ProcessInitializeOnLoadMethodAttributes (13ms)
				AfterProcessingInitializeOnLoad (1ms)
				EditorAssembliesLoaded (0ms)
			ExecutionOrderSort2 (0ms)
			AwakeInstancesAfterBackupRestoration (2ms)
Platform modules already initialized, skipping
Refreshing native plugins compatible for Editor in 0.75 ms, found 2 plugins.
Preloading 0 native plugins for Editor in 0.00 ms.
Unloading 3045 Unused Serialized files (Serialized files now loaded: 0)
Unloading 17 unused Assets / (71.5 KB). Loaded Objects now: 3555.
Memory consumption went from 232.3 MB to 232.2 MB.
Total: 3.081583 ms (FindLiveObjects: 0.123334 ms CreateObjectMapping: 0.052750 ms MarkObjects: 2.835083 ms  DeleteObjects: 0.069875 ms)

AssetImportParameters requested are different than current active one (requested -> active):
  custom:video-decoder-ogg-theora: a1e56fd34408186e4bbccfd4996cb3dc -> 
  custom:container-muxer-webm: aa71ff27fc2769a1b78a27578f13a17b -> 
  custom:container-demuxer-webm: 4f35f7cbe854078d1ac9338744f61a02 -> 
  custom:video-encoder-webm-vp8: eb34c28f22e8b96e1ab97ce403110664 -> 
  custom:framework-osx-AVFoundation: e770b220cccbd017edd2c1fefb359320 -> 
  custom:audio-encoder-webm-vorbis: bf7c407c2cedff20999df2af8eb42d56 -> 
  custom:container-demuxer-ogg: 62fdf1f143b41e24485cea50d1cbac27 -> 
  custom:video-decoder-webm-vp8: 9c59270c3fd7afecdb556c50c9e8de78 -> 
  custom:audio-decoder-ogg-vorbis: bf7c407c2cedff20999df2af8eb42d56 -> 
========================================================================
Received Prepare
Registering precompiled user dll's ...
Registered in 0.000972 seconds.
Begin MonoManager ReloadAssembly
Thread 0x283c93000 may have been prematurely finalized
Symbol file LoadedFromMemory doesn't match image /Users/luisangel/Unity/Prototipo1/Prototipo1/Library/PackageCache/com.unity.visualscripting@1.7.8/Editor/VisualScripting.Core/Dependencies/YamlDotNet/Unity.VisualScripting.YamlDotNet.dll
Symbol file LoadedFromMemory doesn't match image /Users/luisangel/Unity/Prototipo1/Prototipo1/Library/PackageCache/com.unity.visualscripting@1.7.8/Editor/VisualScripting.Core/Dependencies/DotNetZip/Unity.VisualScripting.IonicZip.dll
Native extension for LinuxStandalone target not found
Native extension for WindowsStandalone target not found
Native extension for iOS target not found
Native extension for OSXStandalone target not found
Refreshing native plugins compatible for Editor in 1.22 ms, found 2 plugins.
Preloading 0 native plugins for Editor in 0.00 ms.
Mono: successfully reloaded assembly
- Completed reload, in  0.768 seconds
Domain Reload Profiling:
	ReloadAssembly (768ms)
		BeginReloadAssembly (101ms)
			ExecutionOrderSort (0ms)
			DisableScriptedObjects (3ms)
			BackupInstance (0ms)
			ReleaseScriptingObjects (0ms)
			CreateAndSetChildDomain (47ms)
		EndReloadAssembly (591ms)
			LoadAssemblies (36ms)
			RebuildTransferFunctionScriptingTraits (0ms)
			SetupTypeCache (225ms)
			ReleaseScriptCaches (1ms)
			RebuildScriptCaches (35ms)
			SetupLoadedEditorAssemblies (264ms)
				LogAssemblyErrors (0ms)
				InitializePlatformSupportModulesInManaged (25ms)
				SetLoadedEditorAssemblies (1ms)
				RefreshPlugins (1ms)
				BeforeProcessingInitializeOnLoad (45ms)
				ProcessInitializeOnLoadAttributes (177ms)
				ProcessInitializeOnLoadMethodAttributes (14ms)
				AfterProcessingInitializeOnLoad (1ms)
				EditorAssembliesLoaded (0ms)
			ExecutionOrderSort2 (0ms)
			AwakeInstancesAfterBackupRestoration (3ms)
Platform modules already initialized, skipping
Refreshing native plugins compatible for Editor in 0.66 ms, found 2 plugins.
Preloading 0 native plugins for Editor in 0.00 ms.
Unloading 3045 Unused Serialized files (Serialized files now loaded: 0)
Unloading 17 unused Assets / (71.6 KB). Loaded Objects now: 3558.
Memory consumption went from 232.5 MB to 232.4 MB.
Total: 2.133459 ms (FindLiveObjects: 0.111708 ms CreateObjectMapping: 0.037334 ms MarkObjects: 1.907250 ms  DeleteObjects: 0.076375 ms)

AssetImportParameters requested are different than current active one (requested -> active):
  custom:video-decoder-ogg-theora: a1e56fd34408186e4bbccfd4996cb3dc -> 
  custom:container-muxer-webm: aa71ff27fc2769a1b78a27578f13a17b -> 
  custom:container-demuxer-webm: 4f35f7cbe854078d1ac9338744f61a02 -> 
  custom:video-encoder-webm-vp8: eb34c28f22e8b96e1ab97ce403110664 -> 
  custom:framework-osx-AVFoundation: e770b220cccbd017edd2c1fefb359320 -> 
  custom:audio-encoder-webm-vorbis: bf7c407c2cedff20999df2af8eb42d56 -> 
  custom:container-demuxer-ogg: 62fdf1f143b41e24485cea50d1cbac27 -> 
  custom:video-decoder-webm-vp8: 9c59270c3fd7afecdb556c50c9e8de78 -> 
  custom:audio-decoder-ogg-vorbis: bf7c407c2cedff20999df2af8eb42d56 -> 
========================================================================
Received Import Request.
  Time since last request: 224.230713 seconds.
  path: Assets/Course Library/Ground/Track.prefab
  artifactKey: Guid(3a148ace166d243bb90b6981d675b0f3) Importer(815301076,1909f56bfc062723c751e8b465ee728b)
Start importing Assets/Course Library/Ground/Track.prefab using Guid(3a148ace166d243bb90b6981d675b0f3) Importer(815301076,1909f56bfc062723c751e8b465ee728b)  -> (artifact id: '00000000000000000000000000000000') in 0.013464 seconds  code(4) message(Build asset version error: assets/course library/ground/track.prefab in SourceAssetDB has modification time of '2023-09-29T22:55:49Z' while content on disk has modification time of '2023-09-30T01:23:11Z')
  ERROR: Build asset version error: assets/course library/ground/track.prefab in SourceAssetDB has modification time of '2023-09-29T22:55:49Z' while content on disk has modification time of '2023-09-30T01:23:11Z'
========================================================================
Received Prepare
Registering precompiled user dll's ...
Registered in 0.001049 seconds.
Begin MonoManager ReloadAssembly
Thread 0x283c93000 may have been prematurely finalized
Symbol file LoadedFromMemory doesn't match image /Users/luisangel/Unity/Prototipo1/Prototipo1/Library/PackageCache/com.unity.visualscripting@1.7.8/Editor/VisualScripting.Core/Dependencies/YamlDotNet/Unity.VisualScripting.YamlDotNet.dll
Symbol file LoadedFromMemory doesn't match image /Users/luisangel/Unity/Prototipo1/Prototipo1/Library/PackageCache/com.unity.visualscripting@1.7.8/Editor/VisualScripting.Core/Dependencies/DotNetZip/Unity.VisualScripting.IonicZip.dll
Native extension for LinuxStandalone target not found
Native extension for WindowsStandalone target not found
Native extension for iOS target not found
Native extension for OSXStandalone target not found
Refreshing native plugins compatible for Editor in 0.37 ms, found 2 plugins.
Preloading 0 native plugins for Editor in 0.00 ms.
Mono: successfully reloaded assembly
- Completed reload, in  0.805 seconds
Domain Reload Profiling:
	ReloadAssembly (806ms)
		BeginReloadAssembly (129ms)
			ExecutionOrderSort (0ms)
			DisableScriptedObjects (4ms)
			BackupInstance (0ms)
			ReleaseScriptingObjects (0ms)
			CreateAndSetChildDomain (59ms)
		EndReloadAssembly (610ms)
			LoadAssemblies (51ms)
			RebuildTransferFunctionScriptingTraits (0ms)
			SetupTypeCache (228ms)
			ReleaseScriptCaches (1ms)
			RebuildScriptCaches (34ms)
			SetupLoadedEditorAssemblies (263ms)
				LogAssemblyErrors (0ms)
				InitializePlatformSupportModulesInManaged (22ms)
				SetLoadedEditorAssemblies (1ms)
				RefreshPlugins (0ms)
				BeforeProcessingInitializeOnLoad (41ms)
				ProcessInitializeOnLoadAttributes (182ms)
				ProcessInitializeOnLoadMethodAttributes (16ms)
				AfterProcessingInitializeOnLoad (1ms)
				EditorAssembliesLoaded (0ms)
			ExecutionOrderSort2 (0ms)
			AwakeInstancesAfterBackupRestoration (3ms)
Platform modules already initialized, skipping
Refreshing native plugins compatible for Editor in 0.82 ms, found 2 plugins.
Preloading 0 native plugins for Editor in 0.00 ms.
Unloading 3045 Unused Serialized files (Serialized files now loaded: 0)
Unloading 17 unused Assets / (71.6 KB). Loaded Objects now: 3561.
Memory consumption went from 232.7 MB to 232.6 MB.
Total: 2.785000 ms (FindLiveObjects: 0.136834 ms CreateObjectMapping: 0.067208 ms MarkObjects: 2.466042 ms  DeleteObjects: 0.114375 ms)

AssetImportParameters requested are different than current active one (requested -> active):
  custom:video-decoder-ogg-theora: a1e56fd34408186e4bbccfd4996cb3dc -> 
  custom:container-muxer-webm: aa71ff27fc2769a1b78a27578f13a17b -> 
  custom:container-demuxer-webm: 4f35f7cbe854078d1ac9338744f61a02 -> 
  custom:video-encoder-webm-vp8: eb34c28f22e8b96e1ab97ce403110664 -> 
  custom:framework-osx-AVFoundation: e770b220cccbd017edd2c1fefb359320 -> 
  custom:audio-encoder-webm-vorbis: bf7c407c2cedff20999df2af8eb42d56 -> 
  custom:container-demuxer-ogg: 62fdf1f143b41e24485cea50d1cbac27 -> 
  custom:video-decoder-webm-vp8: 9c59270c3fd7afecdb556c50c9e8de78 -> 
  custom:audio-decoder-ogg-vorbis: bf7c407c2cedff20999df2af8eb42d56 -> 
========================================================================
Received Prepare
Registering precompiled user dll's ...
Registered in 0.001303 seconds.
Begin MonoManager ReloadAssembly
Thread 0x283c93000 may have been prematurely finalized
Symbol file LoadedFromMemory doesn't match image /Users/luisangel/Unity/Prototipo1/Prototipo1/Library/PackageCache/com.unity.visualscripting@1.7.8/Editor/VisualScripting.Core/Dependencies/YamlDotNet/Unity.VisualScripting.YamlDotNet.dll
Symbol file LoadedFromMemory doesn't match image /Users/luisangel/Unity/Prototipo1/Prototipo1/Library/PackageCache/com.unity.visualscripting@1.7.8/Editor/VisualScripting.Core/Dependencies/DotNetZip/Unity.VisualScripting.IonicZip.dll
Native extension for LinuxStandalone target not found
Native extension for WindowsStandalone target not found
Native extension for iOS target not found
Native extension for OSXStandalone target not found
Refreshing native plugins compatible for Editor in 0.45 ms, found 2 plugins.
Preloading 0 native plugins for Editor in 0.00 ms.
Mono: successfully reloaded assembly
- Completed reload, in  0.871 seconds
Domain Reload Profiling:
	ReloadAssembly (872ms)
		BeginReloadAssembly (187ms)
			ExecutionOrderSort (0ms)
			DisableScriptedObjects (4ms)
			BackupInstance (0ms)
			ReleaseScriptingObjects (0ms)
			CreateAndSetChildDomain (117ms)
		EndReloadAssembly (605ms)
			LoadAssemblies (52ms)
			RebuildTransferFunctionScriptingTraits (0ms)
			SetupTypeCache (227ms)
			ReleaseScriptCaches (1ms)
			RebuildScriptCaches (33ms)
			SetupLoadedEditorAssemblies (268ms)
				LogAssemblyErrors (0ms)
				InitializePlatformSupportModulesInManaged (21ms)
				SetLoadedEditorAssemblies (0ms)
				RefreshPlugins (0ms)
				BeforeProcessingInitializeOnLoad (45ms)
				ProcessInitializeOnLoadAttributes (185ms)
				ProcessInitializeOnLoadMethodAttributes (15ms)
				AfterProcessingInitializeOnLoad (1ms)
				EditorAssembliesLoaded (0ms)
			ExecutionOrderSort2 (0ms)
			AwakeInstancesAfterBackupRestoration (3ms)
Platform modules already initialized, skipping
Refreshing native plugins compatible for Editor in 0.87 ms, found 2 plugins.
Preloading 0 native plugins for Editor in 0.00 ms.
Unloading 3045 Unused Serialized files (Serialized files now loaded: 0)
Unloading 17 unused Assets / (71.6 KB). Loaded Objects now: 3564.
Memory consumption went from 232.9 MB to 232.8 MB.
Total: 2.455125 ms (FindLiveObjects: 0.164167 ms CreateObjectMapping: 0.042625 ms MarkObjects: 2.141291 ms  DeleteObjects: 0.106417 ms)

AssetImportParameters requested are different than current active one (requested -> active):
  custom:video-decoder-ogg-theora: a1e56fd34408186e4bbccfd4996cb3dc -> 
  custom:container-muxer-webm: aa71ff27fc2769a1b78a27578f13a17b -> 
  custom:container-demuxer-webm: 4f35f7cbe854078d1ac9338744f61a02 -> 
  custom:video-encoder-webm-vp8: eb34c28f22e8b96e1ab97ce403110664 -> 
  custom:framework-osx-AVFoundation: e770b220cccbd017edd2c1fefb359320 -> 
  custom:audio-encoder-webm-vorbis: bf7c407c2cedff20999df2af8eb42d56 -> 
  custom:container-demuxer-ogg: 62fdf1f143b41e24485cea50d1cbac27 -> 
  custom:video-decoder-webm-vp8: 9c59270c3fd7afecdb556c50c9e8de78 -> 
  custom:audio-decoder-ogg-vorbis: bf7c407c2cedff20999df2af8eb42d56 -> 
========================================================================
Received Import Request.
  Time since last request: 93.872340 seconds.
  path: Assets/Course Library/Ground/Track.prefab
  artifactKey: Guid(3a148ace166d243bb90b6981d675b0f3) Importer(815301076,1909f56bfc062723c751e8b465ee728b)
Start importing Assets/Course Library/Ground/Track.prefab using Guid(3a148ace166d243bb90b6981d675b0f3) Importer(815301076,1909f56bfc062723c751e8b465ee728b)  -> (artifact id: '00000000000000000000000000000000') in 0.004661 seconds  code(4) message(Build asset version error: assets/course library/ground/track.prefab in SourceAssetDB has modification time of '2023-09-29T22:55:49Z' while content on disk has modification time of '2023-09-30T01:23:11Z')
  ERROR: Build asset version error: assets/course library/ground/track.prefab in SourceAssetDB has modification time of '2023-09-29T22:55:49Z' while content on disk has modification time of '2023-09-30T01:23:11Z'
========================================================================
Received Prepare
Registering precompiled user dll's ...
Registered in 0.001081 seconds.
Begin MonoManager ReloadAssembly
Thread 0x283c93000 may have been prematurely finalized
Symbol file LoadedFromMemory doesn't match image /Users/luisangel/Unity/Prototipo1/Prototipo1/Library/PackageCache/com.unity.visualscripting@1.7.8/Editor/VisualScripting.Core/Dependencies/YamlDotNet/Unity.VisualScripting.YamlDotNet.dll
Symbol file LoadedFromMemory doesn't match image /Users/luisangel/Unity/Prototipo1/Prototipo1/Library/PackageCache/com.unity.visualscripting@1.7.8/Editor/VisualScripting.Core/Dependencies/DotNetZip/Unity.VisualScripting.IonicZip.dll
Native extension for LinuxStandalone target not found
Native extension for WindowsStandalone target not found
Native extension for iOS target not found
Native extension for OSXStandalone target not found
Refreshing native plugins compatible for Editor in 0.26 ms, found 2 plugins.
Preloading 0 native plugins for Editor in 0.00 ms.
Mono: successfully reloaded assembly
- Completed reload, in  0.763 seconds
Domain Reload Profiling:
	ReloadAssembly (764ms)
		BeginReloadAssembly (158ms)
			ExecutionOrderSort (0ms)
			DisableScriptedObjects (4ms)
			BackupInstance (0ms)
			ReleaseScriptingObjects (0ms)
			CreateAndSetChildDomain (52ms)
		EndReloadAssembly (540ms)
			LoadAssemblies (44ms)
			RebuildTransferFunctionScriptingTraits (0ms)
			SetupTypeCache (193ms)
			ReleaseScriptCaches (1ms)
			RebuildScriptCaches (30ms)
			SetupLoadedEditorAssemblies (239ms)
				LogAssemblyErrors (0ms)
				InitializePlatformSupportModulesInManaged (18ms)
				SetLoadedEditorAssemblies (0ms)
				RefreshPlugins (0ms)
				BeforeProcessingInitializeOnLoad (36ms)
				ProcessInitializeOnLoadAttributes (171ms)
				ProcessInitializeOnLoadMethodAttributes (13ms)
				AfterProcessingInitializeOnLoad (1ms)
				EditorAssembliesLoaded (0ms)
			ExecutionOrderSort2 (0ms)
			AwakeInstancesAfterBackupRestoration (3ms)
Platform modules already initialized, skipping
Refreshing native plugins compatible for Editor in 0.88 ms, found 2 plugins.
Preloading 0 native plugins for Editor in 0.00 ms.
Unloading 3045 Unused Serialized files (Serialized files now loaded: 0)
Unloading 17 unused Assets / (71.6 KB). Loaded Objects now: 3567.
Memory consumption went from 233.1 MB to 233.0 MB.
Total: 2.571125 ms (FindLiveObjects: 0.129709 ms CreateObjectMapping: 0.046208 ms MarkObjects: 2.303917 ms  DeleteObjects: 0.090709 ms)

AssetImportParameters requested are different than current active one (requested -> active):
  custom:video-decoder-ogg-theora: a1e56fd34408186e4bbccfd4996cb3dc -> 
  custom:container-muxer-webm: aa71ff27fc2769a1b78a27578f13a17b -> 
  custom:container-demuxer-webm: 4f35f7cbe854078d1ac9338744f61a02 -> 
  custom:video-encoder-webm-vp8: eb34c28f22e8b96e1ab97ce403110664 -> 
  custom:framework-osx-AVFoundation: e770b220cccbd017edd2c1fefb359320 -> 
  custom:audio-encoder-webm-vorbis: bf7c407c2cedff20999df2af8eb42d56 -> 
  custom:container-demuxer-ogg: 62fdf1f143b41e24485cea50d1cbac27 -> 
  custom:video-decoder-webm-vp8: 9c59270c3fd7afecdb556c50c9e8de78 -> 
  custom:audio-decoder-ogg-vorbis: bf7c407c2cedff20999df2af8eb42d56 -> 
========================================================================
Received Prepare
Registering precompiled user dll's ...
Registered in 0.001097 seconds.
Begin MonoManager ReloadAssembly
Thread 0x283c93000 may have been prematurely finalized
Symbol file LoadedFromMemory doesn't match image /Users/luisangel/Unity/Prototipo1/Prototipo1/Library/PackageCache/com.unity.visualscripting@1.7.8/Editor/VisualScripting.Core/Dependencies/YamlDotNet/Unity.VisualScripting.YamlDotNet.dll
Symbol file LoadedFromMemory doesn't match image /Users/luisangel/Unity/Prototipo1/Prototipo1/Library/PackageCache/com.unity.visualscripting@1.7.8/Editor/VisualScripting.Core/Dependencies/DotNetZip/Unity.VisualScripting.IonicZip.dll
Native extension for LinuxStandalone target not found
Native extension for WindowsStandalone target not found
Native extension for iOS target not found
Native extension for OSXStandalone target not found
Refreshing native plugins compatible for Editor in 0.56 ms, found 2 plugins.
Preloading 0 native plugins for Editor in 0.00 ms.
Mono: successfully reloaded assembly
- Completed reload, in  0.730 seconds
Domain Reload Profiling:
	ReloadAssembly (731ms)
		BeginReloadAssembly (84ms)
			ExecutionOrderSort (0ms)
			DisableScriptedObjects (3ms)
			BackupInstance (0ms)
			ReleaseScriptingObjects (0ms)
			CreateAndSetChildDomain (35ms)
		EndReloadAssembly (582ms)
			LoadAssemblies (39ms)
			RebuildTransferFunctionScriptingTraits (0ms)
			SetupTypeCache (186ms)
			ReleaseScriptCaches (1ms)
			RebuildScriptCaches (33ms)
			SetupLoadedEditorAssemblies (285ms)
				LogAssemblyErrors (0ms)
				InitializePlatformSupportModulesInManaged (23ms)
				SetLoadedEditorAssemblies (0ms)
				RefreshPlugins (1ms)
				BeforeProcessingInitializeOnLoad (44ms)
				ProcessInitializeOnLoadAttributes (200ms)
				ProcessInitializeOnLoadMethodAttributes (16ms)
				AfterProcessingInitializeOnLoad (1ms)
				EditorAssembliesLoaded (0ms)
			ExecutionOrderSort2 (0ms)
			AwakeInstancesAfterBackupRestoration (3ms)
Platform modules already initialized, skipping
Refreshing native plugins compatible for Editor in 0.84 ms, found 2 plugins.
Preloading 0 native plugins for Editor in 0.00 ms.
Unloading 3045 Unused Serialized files (Serialized files now loaded: 0)
Unloading 17 unused Assets / (71.6 KB). Loaded Objects now: 3570.
Memory consumption went from 233.3 MB to 233.2 MB.
Total: 2.550458 ms (FindLiveObjects: 0.146083 ms CreateObjectMapping: 0.050583 ms MarkObjects: 2.272125 ms  DeleteObjects: 0.080167 ms)

AssetImportParameters requested are different than current active one (requested -> active):
  custom:video-decoder-ogg-theora: a1e56fd34408186e4bbccfd4996cb3dc -> 
  custom:container-muxer-webm: aa71ff27fc2769a1b78a27578f13a17b -> 
  custom:container-demuxer-webm: 4f35f7cbe854078d1ac9338744f61a02 -> 
  custom:video-encoder-webm-vp8: eb34c28f22e8b96e1ab97ce403110664 -> 
  custom:framework-osx-AVFoundation: e770b220cccbd017edd2c1fefb359320 -> 
  custom:audio-encoder-webm-vorbis: bf7c407c2cedff20999df2af8eb42d56 -> 
  custom:container-demuxer-ogg: 62fdf1f143b41e24485cea50d1cbac27 -> 
  custom:video-decoder-webm-vp8: 9c59270c3fd7afecdb556c50c9e8de78 -> 
  custom:audio-decoder-ogg-vorbis: bf7c407c2cedff20999df2af8eb42d56 -> 
========================================================================
Received Prepare
Registering precompiled user dll's ...
Registered in 0.001212 seconds.
Begin MonoManager ReloadAssembly
Thread 0x283c93000 may have been prematurely finalized
Symbol file LoadedFromMemory doesn't match image /Users/luisangel/Unity/Prototipo1/Prototipo1/Library/PackageCache/com.unity.visualscripting@1.7.8/Editor/VisualScripting.Core/Dependencies/YamlDotNet/Unity.VisualScripting.YamlDotNet.dll
Symbol file LoadedFromMemory doesn't match image /Users/luisangel/Unity/Prototipo1/Prototipo1/Library/PackageCache/com.unity.visualscripting@1.7.8/Editor/VisualScripting.Core/Dependencies/DotNetZip/Unity.VisualScripting.IonicZip.dll
Native extension for LinuxStandalone target not found
Native extension for WindowsStandalone target not found
Native extension for iOS target not found
Native extension for OSXStandalone target not found
Refreshing native plugins compatible for Editor in 0.41 ms, found 2 plugins.
Preloading 0 native plugins for Editor in 0.00 ms.
Mono: successfully reloaded assembly
- Completed reload, in  0.842 seconds
Domain Reload Profiling:
	ReloadAssembly (843ms)
		BeginReloadAssembly (143ms)
			ExecutionOrderSort (0ms)
			DisableScriptedObjects (3ms)
			BackupInstance (0ms)
			ReleaseScriptingObjects (0ms)
			CreateAndSetChildDomain (73ms)
		EndReloadAssembly (628ms)
			LoadAssemblies (50ms)
			RebuildTransferFunctionScriptingTraits (0ms)
			SetupTypeCache (218ms)
			ReleaseScriptCaches (1ms)
			RebuildScriptCaches (33ms)
			SetupLoadedEditorAssemblies (290ms)
				LogAssemblyErrors (0ms)
				InitializePlatformSupportModulesInManaged (28ms)
				SetLoadedEditorAssemblies (0ms)
				RefreshPlugins (0ms)
				BeforeProcessingInitializeOnLoad (45ms)
				ProcessInitializeOnLoadAttributes (200ms)
				ProcessInitializeOnLoadMethodAttributes (15ms)
				AfterProcessingInitializeOnLoad (2ms)
				EditorAssembliesLoaded (0ms)
			ExecutionOrderSort2 (0ms)
			AwakeInstancesAfterBackupRestoration (3ms)
Platform modules already initialized, skipping
Refreshing native plugins compatible for Editor in 1.11 ms, found 2 plugins.
Preloading 0 native plugins for Editor in 0.00 ms.
Unloading 3045 Unused Serialized files (Serialized files now loaded: 0)
Unloading 17 unused Assets / (71.7 KB). Loaded Objects now: 3573.
Memory consumption went from 233.5 MB to 233.4 MB.
Total: 2.766792 ms (FindLiveObjects: 0.145875 ms CreateObjectMapping: 0.047875 ms MarkObjects: 2.494041 ms  DeleteObjects: 0.078291 ms)

AssetImportParameters requested are different than current active one (requested -> active):
  custom:video-decoder-ogg-theora: a1e56fd34408186e4bbccfd4996cb3dc -> 
  custom:container-muxer-webm: aa71ff27fc2769a1b78a27578f13a17b -> 
  custom:container-demuxer-webm: 4f35f7cbe854078d1ac9338744f61a02 -> 
  custom:video-encoder-webm-vp8: eb34c28f22e8b96e1ab97ce403110664 -> 
  custom:framework-osx-AVFoundation: e770b220cccbd017edd2c1fefb359320 -> 
  custom:audio-encoder-webm-vorbis: bf7c407c2cedff20999df2af8eb42d56 -> 
  custom:container-demuxer-ogg: 62fdf1f143b41e24485cea50d1cbac27 -> 
  custom:video-decoder-webm-vp8: 9c59270c3fd7afecdb556c50c9e8de78 -> 
  custom:audio-decoder-ogg-vorbis: bf7c407c2cedff20999df2af8eb42d56 -> 
========================================================================
Received Prepare
Registering precompiled user dll's ...
Registered in 0.001039 seconds.
Begin MonoManager ReloadAssembly
Thread 0x283d1f000 may have been prematurely finalized
Symbol file LoadedFromMemory doesn't match image /Users/luisangel/Unity/Prototipo1/Prototipo1/Library/PackageCache/com.unity.visualscripting@1.7.8/Editor/VisualScripting.Core/Dependencies/YamlDotNet/Unity.VisualScripting.YamlDotNet.dll
Symbol file LoadedFromMemory doesn't match image /Users/luisangel/Unity/Prototipo1/Prototipo1/Library/PackageCache/com.unity.visualscripting@1.7.8/Editor/VisualScripting.Core/Dependencies/DotNetZip/Unity.VisualScripting.IonicZip.dll
Native extension for LinuxStandalone target not found
Native extension for WindowsStandalone target not found
Native extension for iOS target not found
Native extension for OSXStandalone target not found
Refreshing native plugins compatible for Editor in 0.47 ms, found 2 plugins.
Preloading 0 native plugins for Editor in 0.00 ms.
Mono: successfully reloaded assembly
- Completed reload, in  0.784 seconds
Domain Reload Profiling:
	ReloadAssembly (784ms)
		BeginReloadAssembly (139ms)
			ExecutionOrderSort (0ms)
			DisableScriptedObjects (4ms)
			BackupInstance (0ms)
			ReleaseScriptingObjects (0ms)
			CreateAndSetChildDomain (52ms)
		EndReloadAssembly (576ms)
			LoadAssemblies (48ms)
			RebuildTransferFunctionScriptingTraits (1ms)
			SetupTypeCache (215ms)
			ReleaseScriptCaches (1ms)
			RebuildScriptCaches (33ms)
			SetupLoadedEditorAssemblies (249ms)
				LogAssemblyErrors (0ms)
				InitializePlatformSupportModulesInManaged (22ms)
				SetLoadedEditorAssemblies (0ms)
				RefreshPlugins (0ms)
				BeforeProcessingInitializeOnLoad (39ms)
				ProcessInitializeOnLoadAttributes (172ms)
				ProcessInitializeOnLoadMethodAttributes (14ms)
				AfterProcessingInitializeOnLoad (1ms)
				EditorAssembliesLoaded (0ms)
			ExecutionOrderSort2 (0ms)
			AwakeInstancesAfterBackupRestoration (3ms)
Platform modules already initialized, skipping
Refreshing native plugins compatible for Editor in 0.79 ms, found 2 plugins.
Preloading 0 native plugins for Editor in 0.00 ms.
Unloading 3045 Unused Serialized files (Serialized files now loaded: 0)
Unloading 17 unused Assets / (71.7 KB). Loaded Objects now: 3576.
Memory consumption went from 233.7 MB to 233.6 MB.
Total: 3.008625 ms (FindLiveObjects: 0.341250 ms CreateObjectMapping: 0.042709 ms MarkObjects: 2.471875 ms  DeleteObjects: 0.152000 ms)

AssetImportParameters requested are different than current active one (requested -> active):
  custom:video-decoder-ogg-theora: a1e56fd34408186e4bbccfd4996cb3dc -> 
  custom:container-muxer-webm: aa71ff27fc2769a1b78a27578f13a17b -> 
  custom:container-demuxer-webm: 4f35f7cbe854078d1ac9338744f61a02 -> 
  custom:video-encoder-webm-vp8: eb34c28f22e8b96e1ab97ce403110664 -> 
  custom:framework-osx-AVFoundation: e770b220cccbd017edd2c1fefb359320 -> 
  custom:audio-encoder-webm-vorbis: bf7c407c2cedff20999df2af8eb42d56 -> 
  custom:container-demuxer-ogg: 62fdf1f143b41e24485cea50d1cbac27 -> 
  custom:video-decoder-webm-vp8: 9c59270c3fd7afecdb556c50c9e8de78 -> 
  custom:audio-decoder-ogg-vorbis: bf7c407c2cedff20999df2af8eb42d56 -> 
========================================================================
Received Prepare
Registering precompiled user dll's ...
Registered in 0.000968 seconds.
Begin MonoManager ReloadAssembly
Thread 0x282787000 may have been prematurely finalized
Symbol file LoadedFromMemory doesn't match image /Users/luisangel/Unity/Prototipo1/Prototipo1/Library/PackageCache/com.unity.visualscripting@1.7.8/Editor/VisualScripting.Core/Dependencies/YamlDotNet/Unity.VisualScripting.YamlDotNet.dll
Symbol file LoadedFromMemory doesn't match image /Users/luisangel/Unity/Prototipo1/Prototipo1/Library/PackageCache/com.unity.visualscripting@1.7.8/Editor/VisualScripting.Core/Dependencies/DotNetZip/Unity.VisualScripting.IonicZip.dll
Native extension for LinuxStandalone target not found
Native extension for WindowsStandalone target not found
Native extension for iOS target not found
Native extension for OSXStandalone target not found
Refreshing native plugins compatible for Editor in 0.40 ms, found 2 plugins.
Preloading 0 native plugins for Editor in 0.00 ms.
Mono: successfully reloaded assembly
- Completed reload, in  0.752 seconds
Domain Reload Profiling:
	ReloadAssembly (753ms)
		BeginReloadAssembly (133ms)
			ExecutionOrderSort (0ms)
			DisableScriptedObjects (4ms)
			BackupInstance (0ms)
			ReleaseScriptingObjects (0ms)
			CreateAndSetChildDomain (59ms)
		EndReloadAssembly (552ms)
			LoadAssemblies (47ms)
			RebuildTransferFunctionScriptingTraits (0ms)
			SetupTypeCache (204ms)
			ReleaseScriptCaches (1ms)
			RebuildScriptCaches (32ms)
			SetupLoadedEditorAssemblies (237ms)
				LogAssemblyErrors (0ms)
				InitializePlatformSupportModulesInManaged (21ms)
				SetLoadedEditorAssemblies (0ms)
				RefreshPlugins (0ms)
				BeforeProcessingInitializeOnLoad (39ms)
				ProcessInitializeOnLoadAttributes (163ms)
				ProcessInitializeOnLoadMethodAttributes (12ms)
				AfterProcessingInitializeOnLoad (1ms)
				EditorAssembliesLoaded (0ms)
			ExecutionOrderSort2 (0ms)
			AwakeInstancesAfterBackupRestoration (3ms)
Platform modules already initialized, skipping
Refreshing native plugins compatible for Editor in 0.78 ms, found 2 plugins.
Preloading 0 native plugins for Editor in 0.00 ms.
Unloading 3045 Unused Serialized files (Serialized files now loaded: 0)
Unloading 17 unused Assets / (71.7 KB). Loaded Objects now: 3579.
Memory consumption went from 233.9 MB to 233.8 MB.
Total: 2.292917 ms (FindLiveObjects: 0.133541 ms CreateObjectMapping: 0.043834 ms MarkObjects: 2.040792 ms  DeleteObjects: 0.074083 ms)

AssetImportParameters requested are different than current active one (requested -> active):
  custom:video-decoder-ogg-theora: a1e56fd34408186e4bbccfd4996cb3dc -> 
  custom:container-muxer-webm: aa71ff27fc2769a1b78a27578f13a17b -> 
  custom:container-demuxer-webm: 4f35f7cbe854078d1ac9338744f61a02 -> 
  custom:video-encoder-webm-vp8: eb34c28f22e8b96e1ab97ce403110664 -> 
  custom:framework-osx-AVFoundation: e770b220cccbd017edd2c1fefb359320 -> 
  custom:audio-encoder-webm-vorbis: bf7c407c2cedff20999df2af8eb42d56 -> 
  custom:container-demuxer-ogg: 62fdf1f143b41e24485cea50d1cbac27 -> 
  custom:video-decoder-webm-vp8: 9c59270c3fd7afecdb556c50c9e8de78 -> 
  custom:audio-decoder-ogg-vorbis: bf7c407c2cedff20999df2af8eb42d56 -> 
========================================================================
Received Prepare
Registering precompiled user dll's ...
Registered in 0.001094 seconds.
Begin MonoManager ReloadAssembly
Thread 0x283c93000 may have been prematurely finalized
Symbol file LoadedFromMemory doesn't match image /Users/luisangel/Unity/Prototipo1/Prototipo1/Library/PackageCache/com.unity.visualscripting@1.7.8/Editor/VisualScripting.Core/Dependencies/YamlDotNet/Unity.VisualScripting.YamlDotNet.dll
Symbol file LoadedFromMemory doesn't match image /Users/luisangel/Unity/Prototipo1/Prototipo1/Library/PackageCache/com.unity.visualscripting@1.7.8/Editor/VisualScripting.Core/Dependencies/DotNetZip/Unity.VisualScripting.IonicZip.dll
Native extension for LinuxStandalone target not found
Native extension for WindowsStandalone target not found
Native extension for iOS target not found
Native extension for OSXStandalone target not found
Refreshing native plugins compatible for Editor in 0.44 ms, found 2 plugins.
Preloading 0 native plugins for Editor in 0.00 ms.
Mono: successfully reloaded assembly
- Completed reload, in  0.716 seconds
Domain Reload Profiling:
	ReloadAssembly (717ms)
		BeginReloadAssembly (120ms)
			ExecutionOrderSort (0ms)
			DisableScriptedObjects (4ms)
			BackupInstance (0ms)
			ReleaseScriptingObjects (0ms)
			CreateAndSetChildDomain (48ms)
		EndReloadAssembly (531ms)
			LoadAssemblies (61ms)
			RebuildTransferFunctionScriptingTraits (0ms)
			SetupTypeCache (212ms)
			ReleaseScriptCaches (1ms)
			RebuildScriptCaches (29ms)
			SetupLoadedEditorAssemblies (215ms)
				LogAssemblyErrors (0ms)
				InitializePlatformSupportModulesInManaged (18ms)
				SetLoadedEditorAssemblies (0ms)
				RefreshPlugins (0ms)
				BeforeProcessingInitializeOnLoad (37ms)
				ProcessInitializeOnLoadAttributes (147ms)
				ProcessInitializeOnLoadMethodAttributes (12ms)
				AfterProcessingInitializeOnLoad (1ms)
				EditorAssembliesLoaded (0ms)
			ExecutionOrderSort2 (0ms)
			AwakeInstancesAfterBackupRestoration (2ms)
Platform modules already initialized, skipping
Refreshing native plugins compatible for Editor in 0.66 ms, found 2 plugins.
Preloading 0 native plugins for Editor in 0.00 ms.
Unloading 3045 Unused Serialized files (Serialized files now loaded: 0)
Unloading 17 unused Assets / (71.5 KB). Loaded Objects now: 3582.
Memory consumption went from 234.1 MB to 234.0 MB.
Total: 2.051416 ms (FindLiveObjects: 0.106083 ms CreateObjectMapping: 0.039792 ms MarkObjects: 1.832416 ms  DeleteObjects: 0.072666 ms)

AssetImportParameters requested are different than current active one (requested -> active):
  custom:video-decoder-ogg-theora: a1e56fd34408186e4bbccfd4996cb3dc -> 
  custom:container-muxer-webm: aa71ff27fc2769a1b78a27578f13a17b -> 
  custom:container-demuxer-webm: 4f35f7cbe854078d1ac9338744f61a02 -> 
  custom:video-encoder-webm-vp8: eb34c28f22e8b96e1ab97ce403110664 -> 
  custom:framework-osx-AVFoundation: e770b220cccbd017edd2c1fefb359320 -> 
  custom:audio-encoder-webm-vorbis: bf7c407c2cedff20999df2af8eb42d56 -> 
  custom:container-demuxer-ogg: 62fdf1f143b41e24485cea50d1cbac27 -> 
  custom:video-decoder-webm-vp8: 9c59270c3fd7afecdb556c50c9e8de78 -> 
  custom:audio-decoder-ogg-vorbis: bf7c407c2cedff20999df2af8eb42d56 -> 
